  ConsoleApplication7.cpp
c:\users\andrey\source\repos\consoleapplication7\consoleapplication7\consoleapplication7.cpp(43): warning C4244: =: преобразование "double" в "_Ty", возможна потеря данных
          with
          [
              _Ty=int
          ]
c:\users\andrey\source\repos\consoleapplication7\consoleapplication7\consoleapplication7.cpp(58): warning C4244: инициализация: преобразование "_Rep" в "unsigned int", возможна потеря данных
          with
          [
              _Rep=std::chrono::system_clock::rep
          ]
c:\users\andrey\source\repos\consoleapplication7\consoleapplication7\consoleapplication7.cpp(69): warning C4018: <=: несоответствие типов со знаком и без знака
c:\users\andrey\source\repos\consoleapplication7\consoleapplication7\consoleapplication7.cpp(70): warning C4244: +=: преобразование "double" в "int", возможна потеря данных
c:\users\andrey\source\repos\consoleapplication7\consoleapplication7\consoleapplication7.cpp(151): warning C4244: +=: преобразование "double" в "int", возможна потеря данных
c:\users\andrey\source\repos\consoleapplication7\consoleapplication7\consoleapplication7.cpp(152): warning C4244: +=: преобразование "double" в "int", возможна потеря данных
c:\users\andrey\source\repos\consoleapplication7\consoleapplication7\consoleapplication7.cpp(173): warning C4244: +=: преобразование "double" в "int", возможна потеря данных
c:\users\andrey\source\repos\consoleapplication7\consoleapplication7\consoleapplication7.cpp(251): warning C4244: аргумент: преобразование "time_t" в "unsigned int", возможна потеря данных
c:\users\andrey\source\repos\consoleapplication7\consoleapplication7\consoleapplication7.cpp(289): warning C4018: <: несоответствие типов со знаком и без знака
c:\users\andrey\source\repos\consoleapplication7\consoleapplication7\consoleapplication7.cpp(299): warning C4018: <: несоответствие типов со знаком и без знака
  ConsoleApplication7.vcxproj -> C:\Users\Andrey\source\repos\ConsoleApplication7\Debug\ConsoleApplication7.exe
